.gradle-build-v3/app/intermediates/manifest_merge_blame_file/debug/processDebugMainManifest/manifest-merger-blame-debug-report.txt
1<?xml version="1.0" encoding="utf-8"?>
2<manifest xmlns:android="http://schemas.android.com/apk/res/android"
3    package="com.educatok.islahmedia"
4    android:versionCode="2"
5    android:versionName="1.0.1" >
6
7    <uses-sdk
8        android:minSdkVersion="23"
9        android:targetSdkVersion="35" />
10
11    <!-- Permissions -->
12    <uses-permission android:name="android.permission.INTERNET" />
12-->src\main\AndroidManifest.xml:62:5-67
12-->src\main\AndroidManifest.xml:62:22-64
13    <uses-permission android:name="android.permission.CAMERA" />
13-->src\main\AndroidManifest.xml:63:5-65
13-->src\main\AndroidManifest.xml:63:22-62
14    <uses-permission android:name="android.permission.RECORD_AUDIO" />
14-->src\main\AndroidManifest.xml:64:5-71
14-->src\main\AndroidManifest.xml:64:22-68
15    <uses-permission android:name="android.permission.MODIFY_AUDIO_SETTINGS" />
15-->src\main\AndroidManifest.xml:65:5-80
15-->src\main\AndroidManifest.xml:65:22-77
16    <uses-permission android:name="android.permission.READ_CONTACTS" />
16-->src\main\AndroidManifest.xml:66:5-72
16-->src\main\AndroidManifest.xml:66:22-69
17    <uses-permission android:name="android.permission.READ_MEDIA_IMAGES" />
17-->src\main\AndroidManifest.xml:67:5-76
17-->src\main\AndroidManifest.xml:67:22-73
18    <uses-permission android:name="android.permission.READ_MEDIA_VIDEO" />
18-->src\main\AndroidManifest.xml:68:5-75
18-->src\main\AndroidManifest.xml:68:22-72
19    <uses-permission android:name="android.permission.READ_MEDIA_AUDIO" />
19-->src\main\AndroidManifest.xml:69:5-75
19-->src\main\AndroidManifest.xml:69:22-72
20    <uses-permission android:name="android.permission.READ_EXTERNAL_STORAGE" />
20-->src\main\AndroidManifest.xml:70:5-80
20-->src\main\AndroidManifest.xml:70:22-77
21    <uses-permission android:name="android.permission.WRITE_EXTERNAL_STORAGE" />
21-->src\main\AndroidManifest.xml:71:5-81
21-->src\main\AndroidManifest.xml:71:22-78
22
23    <!-- Permissions pour les notifications (Android 13+) -->
24    <uses-permission android:name="android.permission.POST_NOTIFICATIONS" />
24-->src\main\AndroidManifest.xml:74:5-77
24-->src\main\AndroidManifest.xml:74:22-74
25    <uses-permission android:name="android.permission.WAKE_LOCK" />
25-->src\main\AndroidManifest.xml:75:5-68
25-->src\main\AndroidManifest.xml:75:22-65
26
27    <queries>
27-->[:capacitor-camera] AndroidManifest.xml:7:5-11:15
28        <intent>
28-->[:capacitor-camera] AndroidManifest.xml:8:9-10:18
29            <action android:name="android.media.action.IMAGE_CAPTURE" />
29-->[:capacitor-camera] AndroidManifest.xml:9:13-73
29-->[:capacitor-camera] AndroidManifest.xml:9:21-70
30        </intent>
31    </queries>
32
33    <uses-permission android:name="android.permission.USE_BIOMETRIC" /> <!-- suppress DeprecatedClassUsageInspection -->
33-->[androidx.biometric:biometric:1.1.0] AndroidManifest.xml:24:5-72
33-->[androidx.biometric:biometric:1.1.0] AndroidManifest.xml:24:22-69
34    <uses-permission android:name="android.permission.USE_FINGERPRINT" />
34-->[androidx.biometric:biometric:1.1.0] AndroidManifest.xml:27:5-74
34-->[androidx.biometric:biometric:1.1.0] AndroidManifest.xml:27:22-71
35    <uses-permission android:name="android.permission.ACCESS_NETWORK_STATE" /> <!-- Required by older versions of Google Play services to create IID tokens -->
35-->[com.google.firebase:firebase-messaging:24.1.0] AndroidManifest.xml:22:5-79
35-->[com.google.firebase:firebase-messaging:24.1.0] AndroidManifest.xml:22:22-76
36    <uses-permission android:name="com.google.android.c2dm.permission.RECEIVE" />
36-->[com.google.firebase:firebase-messaging:24.1.0] AndroidManifest.xml:26:5-82
36-->[com.google.firebase:firebase-messaging:24.1.0] AndroidManifest.xml:26:22-79
37
38    <permission
38-->[androidx.core:core:1.15.0] AndroidManifest.xml:22:5-24:47
39        android:name="com.educatok.islahmedia.DYNAMIC_RECEIVER_NOT_EXPORTED_PERMISSION"
39-->[androidx.core:core:1.15.0] AndroidManifest.xml:23:9-81
40        android:protectionLevel="signature" />
40-->[androidx.core:core:1.15.0] AndroidManifest.xml:24:9-44
41
42    <uses-permission android:name="com.educatok.islahmedia.DYNAMIC_RECEIVER_NOT_EXPORTED_PERMISSION" />
42-->[androidx.core:core:1.15.0] AndroidManifest.xml:26:5-97
42-->[androidx.core:core:1.15.0] AndroidManifest.xml:26:22-94
43
44    <application
44-->src\main\AndroidManifest.xml:3:5-59:19
45        android:name="com.educatok.islahmedia.MainApplication"
45-->src\main\AndroidManifest.xml:4:9-40
46        android:allowBackup="true"
46-->src\main\AndroidManifest.xml:5:9-35
47        android:appComponentFactory="androidx.core.app.CoreComponentFactory"
47-->[androidx.core:core:1.15.0] AndroidManifest.xml:28:18-86
48        android:debuggable="true"
49        android:extractNativeLibs="false"
50        android:icon="@mipmap/ic_launcher"
50-->src\main\AndroidManifest.xml:6:9-43
51        android:label="@string/app_name"
51-->src\main\AndroidManifest.xml:7:9-41
52        android:roundIcon="@mipmap/ic_launcher_round"
52-->src\main\AndroidManifest.xml:8:9-54
53        android:supportsRtl="true"
53-->src\main\AndroidManifest.xml:9:9-35
54        android:theme="@style/AppTheme" >
54-->src\main\AndroidManifest.xml:10:9-40
55        <activity
55-->src\main\AndroidManifest.xml:11:9-50:20
56            android:name="com.educatok.islahmedia.MainActivity"
56-->src\main\AndroidManifest.xml:13:13-41
57            android:configChanges="orientation|keyboardHidden|keyboard|screenSize|locale|smallestScreenSize|screenLayout|uiMode|navigation"
57-->src\main\AndroidManifest.xml:12:13-140
58            android:exported="true"
58-->src\main\AndroidManifest.xml:17:13-36
59            android:label="@string/title_activity_main"
59-->src\main\AndroidManifest.xml:14:13-56
60            android:launchMode="singleTask"
60-->src\main\AndroidManifest.xml:16:13-44
61            android:theme="@style/AppTheme.NoActionBarLaunch" >
61-->src\main\AndroidManifest.xml:15:13-62
62            <intent-filter>
62-->src\main\AndroidManifest.xml:18:13-21:29
63                <action android:name="android.intent.action.MAIN" />
63-->src\main\AndroidManifest.xml:19:17-69
63-->src\main\AndroidManifest.xml:19:25-66
64
65                <category android:name="android.intent.category.LAUNCHER" />
65-->src\main\AndroidManifest.xml:20:17-77
65-->src\main\AndroidManifest.xml:20:27-74
66            </intent-filter>
67
68            <!-- Android App Links - Vérification automatique du domaine -->
69            <intent-filter android:autoVerify="true" >
69-->src\main\AndroidManifest.xml:24:13-30:29
69-->src\main\AndroidManifest.xml:24:28-53
70                <action android:name="android.intent.action.VIEW" />
70-->src\main\AndroidManifest.xml:25:17-69
70-->src\main\AndroidManifest.xml:25:25-66
71
72                <category android:name="android.intent.category.DEFAULT" />
72-->src\main\AndroidManifest.xml:26:17-76
72-->src\main\AndroidManifest.xml:26:27-73
73                <category android:name="android.intent.category.BROWSABLE" />
73-->src\main\AndroidManifest.xml:27:17-78
73-->src\main\AndroidManifest.xml:27:27-75
74                <!-- Domaine principal Netlify -->
75                <data
75-->src\main\AndroidManifest.xml:29:17-84
76                    android:host="educatok.netlify.app"
76-->src\main\AndroidManifest.xml:29:46-81
77                    android:scheme="https" />
77-->src\main\AndroidManifest.xml:29:23-45
78            </intent-filter>
79
80            <!-- Deep Links pour preview Lovable (développement) -->
81            <intent-filter>
81-->src\main\AndroidManifest.xml:33:13-41:29
82                <action android:name="android.intent.action.VIEW" />
82-->src\main\AndroidManifest.xml:25:17-69
82-->src\main\AndroidManifest.xml:25:25-66
83
84                <category android:name="android.intent.category.DEFAULT" />
84-->src\main\AndroidManifest.xml:26:17-76
84-->src\main\AndroidManifest.xml:26:27-73
85                <category android:name="android.intent.category.BROWSABLE" />
85-->src\main\AndroidManifest.xml:27:17-78
85-->src\main\AndroidManifest.xml:27:27-75
86
87                <data
87-->src\main\AndroidManifest.xml:29:17-84
88                    android:host="id-preview--3d7f0a39-e864-41d0-9188-38ee2b67fed2.lovable.app"
88-->src\main\AndroidManifest.xml:29:46-81
89                    android:scheme="https" />
89-->src\main\AndroidManifest.xml:29:23-45
90            </intent-filter>
91
92            <!-- Custom URL Scheme (fallback) -->
93            <intent-filter>
93-->src\main\AndroidManifest.xml:44:13-49:29
94                <action android:name="android.intent.action.VIEW" />
94-->src\main\AndroidManifest.xml:25:17-69
94-->src\main\AndroidManifest.xml:25:25-66
95
96                <category android:name="android.intent.category.DEFAULT" />
96-->src\main\AndroidManifest.xml:26:17-76
96-->src\main\AndroidManifest.xml:26:27-73
97                <category android:name="android.intent.category.BROWSABLE" />
97-->src\main\AndroidManifest.xml:27:17-78
97-->src\main\AndroidManifest.xml:27:27-75
98
99                <data
99-->src\main\AndroidManifest.xml:29:17-84
100                    android:host="open"
100-->src\main\AndroidManifest.xml:29:46-81
101                    android:scheme="educatok" />
101-->src\main\AndroidManifest.xml:29:23-45
102            </intent-filter>
103        </activity>
104
105        <provider
106            android:name="androidx.core.content.FileProvider"
106-->src\main\AndroidManifest.xml:53:13-62
107            android:authorities="com.educatok.islahmedia.fileprovider"
107-->src\main\AndroidManifest.xml:54:13-64
108            android:exported="false"
108-->src\main\AndroidManifest.xml:55:13-37
109            android:grantUriPermissions="true" >
109-->src\main\AndroidManifest.xml:56:13-47
110            <meta-data
110-->src\main\AndroidManifest.xml:57:13-112
111                android:name="android.support.FILE_PROVIDER_PATHS"
111-->src\main\AndroidManifest.xml:57:24-74
112                android:resource="@xml/file_paths" />
112-->src\main\AndroidManifest.xml:57:75-109
113        </provider>
114
115        <activity
115-->[:aparajita-capacitor-biometric-auth] AndroidManifest.xml:8:9-11:59
116            android:name="com.aparajita.capacitor.biometricauth.AuthActivity"
116-->[:aparajita-capacitor-biometric-auth] AndroidManifest.xml:9:13-78
117            android:label="@string/title_activity_auth_activity"
117-->[:aparajita-capacitor-biometric-auth] AndroidManifest.xml:10:13-65
118            android:theme="@style/AppTheme.Transparent" />
118-->[:aparajita-capacitor-biometric-auth] AndroidManifest.xml:11:13-56
119
120        <service
120-->[:capacitor-push-notifications] AndroidManifest.xml:8:9-14:19
121            android:name="com.capacitorjs.plugins.pushnotifications.MessagingService"
121-->[:capacitor-push-notifications] AndroidManifest.xml:9:13-86
122            android:exported="false" >
122-->[:capacitor-push-notifications] AndroidManifest.xml:10:13-37
123            <intent-filter>
123-->[:capacitor-push-notifications] AndroidManifest.xml:11:13-13:29
124                <action android:name="com.google.firebase.MESSAGING_EVENT" />
124-->[:capacitor-push-notifications] AndroidManifest.xml:12:17-78
124-->[:capacitor-push-notifications] AndroidManifest.xml:12:25-75
125            </intent-filter>
126        </service>
127
128        <receiver
128-->[com.google.firebase:firebase-messaging:24.1.0] AndroidManifest.xml:29:9-40:20
129            android:name="com.google.firebase.iid.FirebaseInstanceIdReceiver"
129-->[com.google.firebase:firebase-messaging:24.1.0] AndroidManifest.xml:30:13-78
130            android:exported="true"
130-->[com.google.firebase:firebase-messaging:24.1.0] AndroidManifest.xml:31:13-36
131            android:permission="com.google.android.c2dm.permission.SEND" >
131-->[com.google.firebase:firebase-messaging:24.1.0] AndroidManifest.xml:32:13-73
132            <intent-filter>
132-->[com.google.firebase:firebase-messaging:24.1.0] AndroidManifest.xml:33:13-35:29
133                <action android:name="com.google.android.c2dm.intent.RECEIVE" />
133-->[com.google.firebase:firebase-messaging:24.1.0] AndroidManifest.xml:34:17-81
133-->[com.google.firebase:firebase-messaging:24.1.0] AndroidManifest.xml:34:25-78
134            </intent-filter>
135
136            <meta-data
136-->[com.google.firebase:firebase-messaging:24.1.0] AndroidManifest.xml:37:13-39:40
137                android:name="com.google.android.gms.cloudmessaging.FINISHED_AFTER_HANDLED"
137-->[com.google.firebase:firebase-messaging:24.1.0] AndroidManifest.xml:38:17-92
138                android:value="true" />
138-->[com.google.firebase:firebase-messaging:24.1.0] AndroidManifest.xml:39:17-37
139        </receiver>
140        <!--
141             FirebaseMessagingService performs security checks at runtime,
142             but set to not exported to explicitly avoid allowing another app to call it.
143        -->
144        <service
144-->[com.google.firebase:firebase-messaging:24.1.0] AndroidManifest.xml:46:9-53:19
145            android:name="com.google.firebase.messaging.FirebaseMessagingService"
145-->[com.google.firebase:firebase-messaging:24.1.0] AndroidManifest.xml:47:13-82
146            android:directBootAware="true"
146-->[com.google.firebase:firebase-messaging:24.1.0] AndroidManifest.xml:48:13-43
147            android:exported="false" >
147-->[com.google.firebase:firebase-messaging:24.1.0] AndroidManifest.xml:49:13-37
148            <intent-filter android:priority="-500" >
148-->[:capacitor-push-notifications] AndroidManifest.xml:11:13-13:29
149                <action android:name="com.google.firebase.MESSAGING_EVENT" />
149-->[:capacitor-push-notifications] AndroidManifest.xml:12:17-78
149-->[:capacitor-push-notifications] AndroidManifest.xml:12:25-75
150            </intent-filter>
151        </service>
152        <service
152-->[com.google.firebase:firebase-messaging:24.1.0] AndroidManifest.xml:54:9-63:19
153            android:name="com.google.firebase.components.ComponentDiscoveryService"
153-->[com.google.firebase:firebase-messaging:24.1.0] AndroidManifest.xml:55:13-84
154            android:directBootAware="true"
154-->[com.google.firebase:firebase-common:21.0.0] AndroidManifest.xml:32:13-43
155            android:exported="false" >
155-->[com.google.firebase:firebase-messaging:24.1.0] AndroidManifest.xml:56:13-37
156            <meta-data
156-->[com.google.firebase:firebase-messaging:24.1.0] AndroidManifest.xml:57:13-59:85
157                android:name="com.google.firebase.components:com.google.firebase.messaging.FirebaseMessagingKtxRegistrar"
157-->[com.google.firebase:firebase-messaging:24.1.0] AndroidManifest.xml:58:17-122
158                android:value="com.google.firebase.components.ComponentRegistrar" />
158-->[com.google.firebase:firebase-messaging:24.1.0] AndroidManifest.xml:59:17-82
159            <meta-data
159-->[com.google.firebase:firebase-messaging:24.1.0] AndroidManifest.xml:60:13-62:85
160                android:name="com.google.firebase.components:com.google.firebase.messaging.FirebaseMessagingRegistrar"
160-->[com.google.firebase:firebase-messaging:24.1.0] AndroidManifest.xml:61:17-119
161                android:value="com.google.firebase.components.ComponentRegistrar" />
161-->[com.google.firebase:firebase-messaging:24.1.0] AndroidManifest.xml:62:17-82
162            <meta-data
162-->[com.google.firebase:firebase-installations:18.0.0] AndroidManifest.xml:15:13-17:85
163                android:name="com.google.firebase.components:com.google.firebase.installations.FirebaseInstallationsKtxRegistrar"
163-->[com.google.firebase:firebase-installations:18.0.0] AndroidManifest.xml:16:17-130
164                android:value="com.google.firebase.components.ComponentRegistrar" />
164-->[com.google.firebase:firebase-installations:18.0.0] AndroidManifest.xml:17:17-82
165            <meta-data
165-->[com.google.firebase:firebase-installations:18.0.0] AndroidManifest.xml:18:13-20:85
166                android:name="com.google.firebase.components:com.google.firebase.installations.FirebaseInstallationsRegistrar"
166-->[com.google.firebase:firebase-installations:18.0.0] AndroidManifest.xml:19:17-127
167                android:value="com.google.firebase.components.ComponentRegistrar" />
167-->[com.google.firebase:firebase-installations:18.0.0] AndroidManifest.xml:20:17-82
168            <meta-data
168-->[com.google.firebase:firebase-common-ktx:21.0.0] AndroidManifest.xml:12:13-14:85
169                android:name="com.google.firebase.components:com.google.firebase.ktx.FirebaseCommonLegacyRegistrar"
169-->[com.google.firebase:firebase-common-ktx:21.0.0] AndroidManifest.xml:13:17-116
170                android:value="com.google.firebase.components.ComponentRegistrar" />
170-->[com.google.firebase:firebase-common-ktx:21.0.0] AndroidManifest.xml:14:17-82
171            <meta-data
171-->[com.google.firebase:firebase-common:21.0.0] AndroidManifest.xml:35:13-37:85
172                android:name="com.google.firebase.components:com.google.firebase.FirebaseCommonKtxRegistrar"
172-->[com.google.firebase:firebase-common:21.0.0] AndroidManifest.xml:36:17-109
173                android:value="com.google.firebase.components.ComponentRegistrar" />
173-->[com.google.firebase:firebase-common:21.0.0] AndroidManifest.xml:37:17-82
174            <meta-data
174-->[com.google.firebase:firebase-datatransport:18.2.0] AndroidManifest.xml:25:13-27:85
175                android:name="com.google.firebase.components:com.google.firebase.datatransport.TransportRegistrar"
175-->[com.google.firebase:firebase-datatransport:18.2.0] AndroidManifest.xml:26:17-115
176                android:value="com.google.firebase.components.ComponentRegistrar" />
176-->[com.google.firebase:firebase-datatransport:18.2.0] AndroidManifest.xml:27:17-82
177        </service>
178
179        <activity
179-->[com.google.android.gms:play-services-base:18.0.1] AndroidManifest.xml:20:9-22:45
180            android:name="com.google.android.gms.common.api.GoogleApiActivity"
180-->[com.google.android.gms:play-services-base:18.0.1] AndroidManifest.xml:20:19-85
181            android:exported="false"
181-->[com.google.android.gms:play-services-base:18.0.1] AndroidManifest.xml:22:19-43
182            android:theme="@android:style/Theme.Translucent.NoTitleBar" />
182-->[com.google.android.gms:play-services-base:18.0.1] AndroidManifest.xml:21:19-78
183
184        <provider
184-->[com.google.firebase:firebase-common:21.0.0] AndroidManifest.xml:23:9-28:39
185            android:name="com.google.firebase.provider.FirebaseInitProvider"
185-->[com.google.firebase:firebase-common:21.0.0] AndroidManifest.xml:24:13-77
186            android:authorities="com.educatok.islahmedia.firebaseinitprovider"
186-->[com.google.firebase:firebase-common:21.0.0] AndroidManifest.xml:25:13-72
187            android:directBootAware="true"
187-->[com.google.firebase:firebase-common:21.0.0] AndroidManifest.xml:26:13-43
188            android:exported="false"
188-->[com.google.firebase:firebase-common:21.0.0] AndroidManifest.xml:27:13-37
189            android:initOrder="100" />
189-->[com.google.firebase:firebase-common:21.0.0] AndroidManifest.xml:28:13-36
190        <provider
190-->[androidx.emoji2:emoji2:1.3.0] AndroidManifest.xml:24:9-32:20
191            android:name="androidx.startup.InitializationProvider"
191-->[androidx.emoji2:emoji2:1.3.0] AndroidManifest.xml:25:13-67
192            android:authorities="com.educatok.islahmedia.androidx-startup"
192-->[androidx.emoji2:emoji2:1.3.0] AndroidManifest.xml:26:13-68
193            android:exported="false" >
193-->[androidx.emoji2:emoji2:1.3.0] AndroidManifest.xml:27:13-37
194            <meta-data
194-->[androidx.emoji2:emoji2:1.3.0] AndroidManifest.xml:29:13-31:52
195                android:name="androidx.emoji2.text.EmojiCompatInitializer"
195-->[androidx.emoji2:emoji2:1.3.0] AndroidManifest.xml:30:17-75
196                android:value="androidx.startup" />
196-->[androidx.emoji2:emoji2:1.3.0] AndroidManifest.xml:31:17-49
197            <meta-data
197-->[androidx.lifecycle:lifecycle-process:2.6.2] AndroidManifest.xml:29:13-31:52
198                android:name="androidx.lifecycle.ProcessLifecycleInitializer"
198-->[androidx.lifecycle:lifecycle-process:2.6.2] AndroidManifest.xml:30:17-78
199                android:value="androidx.startup" />
199-->[androidx.lifecycle:lifecycle-process:2.6.2] AndroidManifest.xml:31:17-49
200            <meta-data
200-->[androidx.profileinstaller:profileinstaller:1.3.1] AndroidManifest.xml:29:13-31:52
201                android:name="androidx.profileinstaller.ProfileInstallerInitializer"
201-->[androidx.profileinstaller:profileinstaller:1.3.1] AndroidManifest.xml:30:17-85
202                android:value="androidx.startup" />
202-->[androidx.profileinstaller:profileinstaller:1.3.1] AndroidManifest.xml:31:17-49
203        </provider>
204
205        <meta-data
205-->[com.google.android.gms:play-services-basement:18.3.0] AndroidManifest.xml:21:9-23:69
206            android:name="com.google.android.gms.version"
206-->[com.google.android.gms:play-services-basement:18.3.0] AndroidManifest.xml:22:13-58
207            android:value="@integer/google_play_services_version" />
207-->[com.google.android.gms:play-services-basement:18.3.0] AndroidManifest.xml:23:13-66
208
209        <receiver
209-->[androidx.profileinstaller:profileinstaller:1.3.1] AndroidManifest.xml:34:9-52:20
210            android:name="androidx.profileinstaller.ProfileInstallReceiver"
210-->[androidx.profileinstaller:profileinstaller:1.3.1] AndroidManifest.xml:35:13-76
211            android:directBootAware="false"
211-->[androidx.profileinstaller:profileinstaller:1.3.1] AndroidManifest.xml:36:13-44
212            android:enabled="true"
212-->[androidx.profileinstaller:profileinstaller:1.3.1] AndroidManifest.xml:37:13-35
213            android:exported="true"
213-->[androidx.profileinstaller:profileinstaller:1.3.1] AndroidManifest.xml:38:13-36
214            android:permission="android.permission.DUMP" >
214-->[androidx.profileinstaller:profileinstaller:1.3.1] AndroidManifest.xml:39:13-57
215            <intent-filter>
215-->[androidx.profileinstaller:profileinstaller:1.3.1] AndroidManifest.xml:40:13-42:29
216                <action android:name="androidx.profileinstaller.action.INSTALL_PROFILE" />
216-->[androidx.profileinstaller:profileinstaller:1.3.1] AndroidManifest.xml:41:17-91
216-->[androidx.profileinstaller:profileinstaller:1.3.1] AndroidManifest.xml:41:25-88
217            </intent-filter>
218            <intent-filter>
218-->[androidx.profileinstaller:profileinstaller:1.3.1] AndroidManifest.xml:43:13-45:29
219                <action android:name="androidx.profileinstaller.action.SKIP_FILE" />
219-->[androidx.profileinstaller:profileinstaller:1.3.1] AndroidManifest.xml:44:17-85
219-->[androidx.profileinstaller:profileinstaller:1.3.1] AndroidManifest.xml:44:25-82
220            </intent-filter>
221            <intent-filter>
221-->[androidx.profileinstaller:profileinstaller:1.3.1] AndroidManifest.xml:46:13-48:29
222                <action android:name="androidx.profileinstaller.action.SAVE_PROFILE" />
222-->[androidx.profileinstaller:profileinstaller:1.3.1] AndroidManifest.xml:47:17-88
222-->[androidx.profileinstaller:profileinstaller:1.3.1] AndroidManifest.xml:47:25-85
223            </intent-filter>
224            <intent-filter>
224-->[androidx.profileinstaller:profileinstaller:1.3.1] AndroidManifest.xml:49:13-51:29
225                <action android:name="androidx.profileinstaller.action.BENCHMARK_OPERATION" />
225-->[androidx.profileinstaller:profileinstaller:1.3.1] AndroidManifest.xml:50:17-95
225-->[androidx.profileinstaller:profileinstaller:1.3.1] AndroidManifest.xml:50:25-92
226            </intent-filter>
227        </receiver>
228
229        <service
229-->[com.google.android.datatransport:transport-backend-cct:3.1.9] AndroidManifest.xml:28:9-34:19
230            android:name="com.google.android.datatransport.runtime.backends.TransportBackendDiscovery"
230-->[com.google.android.datatransport:transport-backend-cct:3.1.9] AndroidManifest.xml:29:13-103
231            android:exported="false" >
231-->[com.google.android.datatransport:transport-backend-cct:3.1.9] AndroidManifest.xml:30:13-37
232            <meta-data
232-->[com.google.android.datatransport:transport-backend-cct:3.1.9] AndroidManifest.xml:31:13-33:39
233                android:name="backend:com.google.android.datatransport.cct.CctBackendFactory"
233-->[com.google.android.datatransport:transport-backend-cct:3.1.9] AndroidManifest.xml:32:17-94
234                android:value="cct" />
234-->[com.google.android.datatransport:transport-backend-cct:3.1.9] AndroidManifest.xml:33:17-36
235        </service>
236        <service
236-->[com.google.android.datatransport:transport-runtime:3.1.9] AndroidManifest.xml:26:9-30:19
237            android:name="com.google.android.datatransport.runtime.scheduling.jobscheduling.JobInfoSchedulerService"
237-->[com.google.android.datatransport:transport-runtime:3.1.9] AndroidManifest.xml:27:13-117
238            android:exported="false"
238-->[com.google.android.datatransport:transport-runtime:3.1.9] AndroidManifest.xml:28:13-37
239            android:permission="android.permission.BIND_JOB_SERVICE" >
239-->[com.google.android.datatransport:transport-runtime:3.1.9] AndroidManifest.xml:29:13-69
240        </service>
241
242        <receiver
242-->[com.google.android.datatransport:transport-runtime:3.1.9] AndroidManifest.xml:32:9-34:40
243            android:name="com.google.android.datatransport.runtime.scheduling.jobscheduling.AlarmManagerSchedulerBroadcastReceiver"
243-->[com.google.android.datatransport:transport-runtime:3.1.9] AndroidManifest.xml:33:13-132
244            android:exported="false" />
244-->[com.google.android.datatransport:transport-runtime:3.1.9] AndroidManifest.xml:34:13-37
245    </application>
246
247</manifest>